<?xml version="1.0" encoding="UTF-8"?>
<!-- Generated by org.testng.reporters.JUnitXMLReporter -->
<testsuite hostname="LAPTOP-SJ80HBGB" ignored="0" name="Command line test" tests="2" failures="1" timestamp="21 Jan 2019 15:13:07 GMT" time="15.423" errors="0">
  <testcase name="a_LaunchGmail" time="3.917" classname="com.qa.practiceproj.testcases.GmailTest"/>
  <testcase name="b_clickOnSignIN" time="0.106" classname="com.qa.practiceproj.testcases.GmailTest">
    <failure type="java.lang.AssertionError" message="expected [true] but found [false]">
      <![CDATA[java.lang.AssertionError: expected [true] but found [false]
at com.qa.practiceproj.pages.GmailTestActions.clickOnSignInButton(GmailTestActions.java:43)
at com.qa.practiceproj.testcases.GmailTest.b_clickOnSignIN(GmailTest.java:34)
... Removed 38 stack frames]]>
    </failure>
  </testcase> <!-- b_clickOnSignIN -->
</testsuite> <!-- Command line test -->
