<?xml version="1.0" encoding="UTF-8"?>
<!-- Generated by org.testng.reporters.JUnitXMLReporter -->
<testsuite hostname="LAPTOP-SJ80HBGB" ignored="0" name="RetryTest" tests="5" failures="1" timestamp="21 Jan 2019 15:16:09 GMT" time="12.371" errors="0">
  <testcase name="a_LaunchGmail" time="2.458" classname="com.qa.practiceproj.testcases.GmailTest"/>
  <testcase name="b_clickOnSignIN" time="0.008" classname="com.qa.practiceproj.testcases.GmailTest">
    <skipped/>
  </testcase> <!-- b_clickOnSignIN -->
  <testcase name="b_clickOnSignIN" time="0.009" classname="com.qa.practiceproj.testcases.GmailTest">
    <skipped/>
  </testcase> <!-- b_clickOnSignIN -->
  <testcase name="b_clickOnSignIN" time="0.012" classname="com.qa.practiceproj.testcases.GmailTest">
    <skipped/>
  </testcase> <!-- b_clickOnSignIN -->
  <testcase name="b_clickOnSignIN" time="0.011" classname="com.qa.practiceproj.testcases.GmailTest">
    <failure type="java.lang.NullPointerException">
      <![CDATA[java.lang.NullPointerException
at com.qa.practiceproj.pages.GmailTestActions.clickOnSignInButton(GmailTestActions.java:61)
at com.qa.practiceproj.testcases.GmailTest.b_clickOnSignIN(GmailTest.java:34)
... Removed 25 stack frames]]>
    </failure>
  </testcase> <!-- b_clickOnSignIN -->
</testsuite> <!-- RetryTest -->
